2024-04-01T16:10:38.358Z [Modules] Modules initializing
2024-04-01T16:10:38.359Z [Modules] Distribution: remote
2024-04-01T16:10:38.359Z [Modules] Host updates: disabled
2024-04-01T16:10:38.359Z [Modules] Module updates: enabled
2024-04-01T16:10:38.359Z [Modules] Module install path: /home/retard/.config/discord/0.0.45/modules
2024-04-01T16:10:38.359Z [Modules] Module installed file path: /home/retard/.config/discord/0.0.45/modules/installed.json
2024-04-01T16:10:38.359Z [Modules] Module download path: /home/retard/.config/discord/0.0.45/modules/pending
2024-04-01T16:10:38.481Z [Modules] Bootstrapping...
2024-04-01T16:10:38.481Z [Modules] Installing discord_desktop_core@0 from /nix/store/3gw0rl5h338ab7wz5kwaa6z7881cvpis-discord-0.0.45/opt/Discord/resources/bootstrap/discord_desktop_core.zip
2024-04-01T16:10:38.484Z [Modules] Failed installing discord_desktop_core@0: Error: ENOENT: no such file or directory, open '/nix/store/3gw0rl5h338ab7wz5kwaa6z7881cvpis-discord-0.0.45/opt/Discord/resources/bootstrap/discord_desktop_core.zip'
2024-04-01T16:10:38.485Z [Modules] Installing discord_erlpack@0 from /nix/store/3gw0rl5h338ab7wz5kwaa6z7881cvpis-discord-0.0.45/opt/Discord/resources/bootstrap/discord_erlpack.zip
2024-04-01T16:10:38.485Z [Modules] Failed installing discord_erlpack@0: Error: ENOENT: no such file or directory, open '/nix/store/3gw0rl5h338ab7wz5kwaa6z7881cvpis-discord-0.0.45/opt/Discord/resources/bootstrap/discord_erlpack.zip'
2024-04-01T16:10:38.485Z [Modules] Installing discord_spellcheck@0 from /nix/store/3gw0rl5h338ab7wz5kwaa6z7881cvpis-discord-0.0.45/opt/Discord/resources/bootstrap/discord_spellcheck.zip
2024-04-01T16:10:38.486Z [Modules] Failed installing discord_spellcheck@0: Error: ENOENT: no such file or directory, open '/nix/store/3gw0rl5h338ab7wz5kwaa6z7881cvpis-discord-0.0.45/opt/Discord/resources/bootstrap/discord_spellcheck.zip'
2024-04-01T16:10:38.486Z [Modules] Installing discord_utils@0 from /nix/store/3gw0rl5h338ab7wz5kwaa6z7881cvpis-discord-0.0.45/opt/Discord/resources/bootstrap/discord_utils.zip
2024-04-01T16:10:38.487Z [Modules] Failed installing discord_utils@0: Error: ENOENT: no such file or directory, open '/nix/store/3gw0rl5h338ab7wz5kwaa6z7881cvpis-discord-0.0.45/opt/Discord/resources/bootstrap/discord_utils.zip'
2024-04-01T16:10:38.487Z [Modules] Installing discord_voice@0 from /nix/store/3gw0rl5h338ab7wz5kwaa6z7881cvpis-discord-0.0.45/opt/Discord/resources/bootstrap/discord_voice.zip
2024-04-01T16:10:38.488Z [Modules] Failed installing discord_voice@0: Error: ENOENT: no such file or directory, open '/nix/store/3gw0rl5h338ab7wz5kwaa6z7881cvpis-discord-0.0.45/opt/Discord/resources/bootstrap/discord_voice.zip'
2024-04-01T16:10:38.488Z [Modules] Finished module installations. [success: 0] [failure: 5]
2024-04-01T16:10:38.488Z [Modules] Host is up to date.
2024-04-01T16:10:38.489Z [Modules] Checking for module updates at https://discord.com/api/modules/stable/versions.json
2024-04-01T16:10:38.980Z [Modules] Module update available: discord_desktop_core@1 [installed: 0]
2024-04-01T16:10:38.980Z [Modules] Module update available: discord_erlpack@1 [installed: 0]
2024-04-01T16:10:38.980Z [Modules] Module update available: discord_spellcheck@1 [installed: 0]
2024-04-01T16:10:38.980Z [Modules] Module update available: discord_utils@1 [installed: 0]
2024-04-01T16:10:38.980Z [Modules] Module update available: discord_voice@1 [installed: 0]
2024-04-01T16:10:38.981Z [Modules] Fetching discord_desktop_core@1 from https://discord.com/api/modules/stable/discord_desktop_core/1
2024-04-01T16:10:38.981Z [Modules] Streaming discord_desktop_core@1 to /home/retard/.config/discord/0.0.45/modules/pending/discord_desktop_core-1.zip
2024-04-01T16:10:39.787Z [Modules] Streaming discord_desktop_core@1 to /home/retard/.config/discord/0.0.45/modules/pending/discord_desktop_core-1.zip: 1%
2024-04-01T16:10:39.807Z [Modules] Streaming discord_desktop_core@1 to /home/retard/.config/discord/0.0.45/modules/pending/discord_desktop_core-1.zip: 2%
2024-04-01T16:10:39.832Z [Modules] Streaming discord_desktop_core@1 to /home/retard/.config/discord/0.0.45/modules/pending/discord_desktop_core-1.zip: 4%
2024-04-01T16:10:39.844Z [Modules] Streaming discord_desktop_core@1 to /home/retard/.config/discord/0.0.45/modules/pending/discord_desktop_core-1.zip: 7%
2024-04-01T16:10:39.876Z [Modules] Streaming discord_desktop_core@1 to /home/retard/.config/discord/0.0.45/modules/pending/discord_desktop_core-1.zip: 8%
2024-04-01T16:10:39.882Z [Modules] Streaming discord_desktop_core@1 to /home/retard/.config/discord/0.0.45/modules/pending/discord_desktop_core-1.zip: 9%
2024-04-01T16:10:39.885Z [Modules] Streaming discord_desktop_core@1 to /home/retard/.config/discord/0.0.45/modules/pending/discord_desktop_core-1.zip: 10%
2024-04-01T16:10:39.887Z [Modules] Streaming discord_desktop_core@1 to /home/retard/.config/discord/0.0.45/modules/pending/discord_desktop_core-1.zip: 11%
2024-04-01T16:10:39.893Z [Modules] Streaming discord_desktop_core@1 to /home/retard/.config/discord/0.0.45/modules/pending/discord_desktop_core-1.zip: 12%
2024-04-01T16:10:39.895Z [Modules] Streaming discord_desktop_core@1 to /home/retard/.config/discord/0.0.45/modules/pending/discord_desktop_core-1.zip: 13%
2024-04-01T16:10:39.898Z [Modules] Streaming discord_desktop_core@1 to /home/retard/.config/discord/0.0.45/modules/pending/discord_desktop_core-1.zip: 14%
2024-04-01T16:10:39.906Z [Modules] Streaming discord_desktop_core@1 to /home/retard/.config/discord/0.0.45/modules/pending/discord_desktop_core-1.zip: 16%
2024-04-01T16:10:39.914Z [Modules] Streaming discord_desktop_core@1 to /home/retard/.config/discord/0.0.45/modules/pending/discord_desktop_core-1.zip: 17%
2024-04-01T16:10:39.916Z [Modules] Streaming discord_desktop_core@1 to /home/retard/.config/discord/0.0.45/modules/pending/discord_desktop_core-1.zip: 18%
2024-04-01T16:10:39.919Z [Modules] Streaming discord_desktop_core@1 to /home/retard/.config/discord/0.0.45/modules/pending/discord_desktop_core-1.zip: 19%
2024-04-01T16:10:39.923Z [Modules] Streaming discord_desktop_core@1 to /home/retard/.config/discord/0.0.45/modules/pending/discord_desktop_core-1.zip: 20%
2024-04-01T16:10:39.926Z [Modules] Streaming discord_desktop_core@1 to /home/retard/.config/discord/0.0.45/modules/pending/discord_desktop_core-1.zip: 21%
2024-04-01T16:10:39.947Z [Modules] Streaming discord_desktop_core@1 to /home/retard/.config/discord/0.0.45/modules/pending/discord_desktop_core-1.zip: 22%
2024-04-01T16:10:39.955Z [Modules] Streaming discord_desktop_core@1 to /home/retard/.config/discord/0.0.45/modules/pending/discord_desktop_core-1.zip: 23%
2024-04-01T16:10:39.958Z [Modules] Streaming discord_desktop_core@1 to /home/retard/.config/discord/0.0.45/modules/pending/discord_desktop_core-1.zip: 24%
2024-04-01T16:10:39.960Z [Modules] Streaming discord_desktop_core@1 to /home/retard/.config/discord/0.0.45/modules/pending/discord_desktop_core-1.zip: 25%
2024-04-01T16:10:39.965Z [Modules] Streaming discord_desktop_core@1 to /home/retard/.config/discord/0.0.45/modules/pending/discord_desktop_core-1.zip: 26%
2024-04-01T16:10:39.967Z [Modules] Streaming discord_desktop_core@1 to /home/retard/.config/discord/0.0.45/modules/pending/discord_desktop_core-1.zip: 27%
2024-04-01T16:10:39.970Z [Modules] Streaming discord_desktop_core@1 to /home/retard/.config/discord/0.0.45/modules/pending/discord_desktop_core-1.zip: 28%
2024-04-01T16:10:39.978Z [Modules] Streaming discord_desktop_core@1 to /home/retard/.config/discord/0.0.45/modules/pending/discord_desktop_core-1.zip: 29%
2024-04-01T16:10:39.981Z [Modules] Streaming discord_desktop_core@1 to /home/retard/.config/discord/0.0.45/modules/pending/discord_desktop_core-1.zip: 30%
2024-04-01T16:10:39.987Z [Modules] Streaming discord_desktop_core@1 to /home/retard/.config/discord/0.0.45/modules/pending/discord_desktop_core-1.zip: 31%
2024-04-01T16:10:39.994Z [Modules] Streaming discord_desktop_core@1 to /home/retard/.config/discord/0.0.45/modules/pending/discord_desktop_core-1.zip: 33%
2024-04-01T16:10:40.004Z [Modules] Streaming discord_desktop_core@1 to /home/retard/.config/discord/0.0.45/modules/pending/discord_desktop_core-1.zip: 34%
2024-04-01T16:10:40.006Z [Modules] Streaming discord_desktop_core@1 to /home/retard/.config/discord/0.0.45/modules/pending/discord_desktop_core-1.zip: 35%
2024-04-01T16:10:40.008Z [Modules] Streaming discord_desktop_core@1 to /home/retard/.config/discord/0.0.45/modules/pending/discord_desktop_core-1.zip: 36%
2024-04-01T16:10:40.013Z [Modules] Streaming discord_desktop_core@1 to /home/retard/.config/discord/0.0.45/modules/pending/discord_desktop_core-1.zip: 37%
2024-04-01T16:10:40.016Z [Modules] Streaming discord_desktop_core@1 to /home/retard/.config/discord/0.0.45/modules/pending/discord_desktop_core-1.zip: 38%
2024-04-01T16:10:40.041Z [Modules] Streaming discord_desktop_core@1 to /home/retard/.config/discord/0.0.45/modules/pending/discord_desktop_core-1.zip: 39%
2024-04-01T16:10:40.051Z [Modules] Streaming discord_desktop_core@1 to /home/retard/.config/discord/0.0.45/modules/pending/discord_desktop_core-1.zip: 40%
2024-04-01T16:10:40.056Z [Modules] Streaming discord_desktop_core@1 to /home/retard/.config/discord/0.0.45/modules/pending/discord_desktop_core-1.zip: 41%
2024-04-01T16:10:40.059Z [Modules] Streaming discord_desktop_core@1 to /home/retard/.config/discord/0.0.45/modules/pending/discord_desktop_core-1.zip: 42%
2024-04-01T16:10:40.064Z [Modules] Streaming discord_desktop_core@1 to /home/retard/.config/discord/0.0.45/modules/pending/discord_desktop_core-1.zip: 43%
2024-04-01T16:10:40.069Z [Modules] Streaming discord_desktop_core@1 to /home/retard/.config/discord/0.0.45/modules/pending/discord_desktop_core-1.zip: 45%
2024-04-01T16:10:40.075Z [Modules] Streaming discord_desktop_core@1 to /home/retard/.config/discord/0.0.45/modules/pending/discord_desktop_core-1.zip: 46%
2024-04-01T16:10:40.078Z [Modules] Streaming discord_desktop_core@1 to /home/retard/.config/discord/0.0.45/modules/pending/discord_desktop_core-1.zip: 47%
2024-04-01T16:10:40.084Z [Modules] Streaming discord_desktop_core@1 to /home/retard/.config/discord/0.0.45/modules/pending/discord_desktop_core-1.zip: 48%
2024-04-01T16:10:40.088Z [Modules] Streaming discord_desktop_core@1 to /home/retard/.config/discord/0.0.45/modules/pending/discord_desktop_core-1.zip: 49%
2024-04-01T16:10:40.093Z [Modules] Streaming discord_desktop_core@1 to /home/retard/.config/discord/0.0.45/modules/pending/discord_desktop_core-1.zip: 51%
2024-04-01T16:10:40.100Z [Modules] Streaming discord_desktop_core@1 to /home/retard/.config/discord/0.0.45/modules/pending/discord_desktop_core-1.zip: 52%
2024-04-01T16:10:40.101Z [Modules] Streaming discord_desktop_core@1 to /home/retard/.config/discord/0.0.45/modules/pending/discord_desktop_core-1.zip: 53%
2024-04-01T16:10:40.107Z [Modules] Streaming discord_desktop_core@1 to /home/retard/.config/discord/0.0.45/modules/pending/discord_desktop_core-1.zip: 54%
2024-04-01T16:10:40.115Z [Modules] Streaming discord_desktop_core@1 to /home/retard/.config/discord/0.0.45/modules/pending/discord_desktop_core-1.zip: 56%
2024-04-01T16:10:40.119Z [Modules] Streaming discord_desktop_core@1 to /home/retard/.config/discord/0.0.45/modules/pending/discord_desktop_core-1.zip: 57%
2024-04-01T16:10:40.122Z [Modules] Streaming discord_desktop_core@1 to /home/retard/.config/discord/0.0.45/modules/pending/discord_desktop_core-1.zip: 58%
2024-04-01T16:10:40.125Z [Modules] Streaming discord_desktop_core@1 to /home/retard/.config/discord/0.0.45/modules/pending/discord_desktop_core-1.zip: 59%
2024-04-01T16:10:40.132Z [Modules] Streaming discord_desktop_core@1 to /home/retard/.config/discord/0.0.45/modules/pending/discord_desktop_core-1.zip: 60%
2024-04-01T16:10:40.135Z [Modules] Streaming discord_desktop_core@1 to /home/retard/.config/discord/0.0.45/modules/pending/discord_desktop_core-1.zip: 61%
2024-04-01T16:10:40.138Z [Modules] Streaming discord_desktop_core@1 to /home/retard/.config/discord/0.0.45/modules/pending/discord_desktop_core-1.zip: 62%
2024-04-01T16:10:40.161Z [Modules] Streaming discord_desktop_core@1 to /home/retard/.config/discord/0.0.45/modules/pending/discord_desktop_core-1.zip: 63%
2024-04-01T16:10:40.164Z [Modules] Streaming discord_desktop_core@1 to /home/retard/.config/discord/0.0.45/modules/pending/discord_desktop_core-1.zip: 64%
2024-04-01T16:10:40.167Z [Modules] Streaming discord_desktop_core@1 to /home/retard/.config/discord/0.0.45/modules/pending/discord_desktop_core-1.zip: 65%
2024-04-01T16:10:40.172Z [Modules] Streaming discord_desktop_core@1 to /home/retard/.config/discord/0.0.45/modules/pending/discord_desktop_core-1.zip: 66%
2024-04-01T16:10:40.175Z [Modules] Streaming discord_desktop_core@1 to /home/retard/.config/discord/0.0.45/modules/pending/discord_desktop_core-1.zip: 67%
2024-04-01T16:10:40.180Z [Modules] Streaming discord_desktop_core@1 to /home/retard/.config/discord/0.0.45/modules/pending/discord_desktop_core-1.zip: 68%
2024-04-01T16:10:40.187Z [Modules] Streaming discord_desktop_core@1 to /home/retard/.config/discord/0.0.45/modules/pending/discord_desktop_core-1.zip: 69%
2024-04-01T16:10:40.191Z [Modules] Streaming discord_desktop_core@1 to /home/retard/.config/discord/0.0.45/modules/pending/discord_desktop_core-1.zip: 70%
2024-04-01T16:10:40.193Z [Modules] Streaming discord_desktop_core@1 to /home/retard/.config/discord/0.0.45/modules/pending/discord_desktop_core-1.zip: 71%
2024-04-01T16:10:40.198Z [Modules] Streaming discord_desktop_core@1 to /home/retard/.config/discord/0.0.45/modules/pending/discord_desktop_core-1.zip: 72%
2024-04-01T16:10:40.200Z [Modules] Streaming discord_desktop_core@1 to /home/retard/.config/discord/0.0.45/modules/pending/discord_desktop_core-1.zip: 73%
2024-04-01T16:10:40.202Z [Modules] Streaming discord_desktop_core@1 to /home/retard/.config/discord/0.0.45/modules/pending/discord_desktop_core-1.zip: 74%
2024-04-01T16:10:40.210Z [Modules] Streaming discord_desktop_core@1 to /home/retard/.config/discord/0.0.45/modules/pending/discord_desktop_core-1.zip: 75%
2024-04-01T16:10:40.216Z [Modules] Streaming discord_desktop_core@1 to /home/retard/.config/discord/0.0.45/modules/pending/discord_desktop_core-1.zip: 76%
2024-04-01T16:10:40.222Z [Modules] Streaming discord_desktop_core@1 to /home/retard/.config/discord/0.0.45/modules/pending/discord_desktop_core-1.zip: 77%
2024-04-01T16:10:40.224Z [Modules] Streaming discord_desktop_core@1 to /home/retard/.config/discord/0.0.45/modules/pending/discord_desktop_core-1.zip: 78%
2024-04-01T16:10:40.226Z [Modules] Streaming discord_desktop_core@1 to /home/retard/.config/discord/0.0.45/modules/pending/discord_desktop_core-1.zip: 79%
2024-04-01T16:10:40.230Z [Modules] Streaming discord_desktop_core@1 to /home/retard/.config/discord/0.0.45/modules/pending/discord_desktop_core-1.zip: 80%
2024-04-01T16:10:40.233Z [Modules] Streaming discord_desktop_core@1 to /home/retard/.config/discord/0.0.45/modules/pending/discord_desktop_core-1.zip: 81%
2024-04-01T16:10:40.236Z [Modules] Streaming discord_desktop_core@1 to /home/retard/.config/discord/0.0.45/modules/pending/discord_desktop_core-1.zip: 82%
2024-04-01T16:10:40.243Z [Modules] Streaming discord_desktop_core@1 to /home/retard/.config/discord/0.0.45/modules/pending/discord_desktop_core-1.zip: 83%
2024-04-01T16:10:40.244Z [Modules] Streaming discord_desktop_core@1 to /home/retard/.config/discord/0.0.45/modules/pending/discord_desktop_core-1.zip: 84%
2024-04-01T16:10:40.247Z [Modules] Streaming discord_desktop_core@1 to /home/retard/.config/discord/0.0.45/modules/pending/discord_desktop_core-1.zip: 85%
